20:28:31.207 [main] INFO  testSuite.GreenCartHomeTest - Starting test class
20:28:42.739 [main] INFO  testSuite.GreenCartHomeTest - Driver is Closed
20:28:42.857 [main] INFO  testSuite.GreenCartHomeTest - User expects page title to be : GreenKart - veg and fruits kart1
20:28:43.848 [main] INFO  testSuite.GreenCartHomeTest - Driver is Closed
20:28:51.137 [main] INFO  testSuite.GreenCartHomeTest - Driver is Closed
20:28:51.141 [main] INFO  testSuite.GreenCartHomeTest - User expects object innerText to be : GREENKART
20:28:51.870 [main] INFO  testSuite.GreenCartHomeTest - InnerText matched: Expected : GREENKART; Actual : GREENKART
20:28:52.700 [main] INFO  testSuite.GreenCartHomeTest - Driver is Closed
20:31:55.454 [main] INFO  testSuite.GreenCartHomeTest - Starting test class
20:32:07.213 [main] INFO  testSuite.GreenCartHomeTest - Driver is Closed
20:32:07.262 [main] INFO  testSuite.GreenCartHomeTest - User expects page title to be : GreenKart - veg and fruits kart1
20:32:08.749 [main] INFO  testSuite.GreenCartHomeTest - Driver is Closed
20:32:18.692 [main] INFO  testSuite.GreenCartHomeTest - Driver is Closed
20:32:18.720 [main] INFO  testSuite.GreenCartHomeTest - User expects object innerText to be : GREENKART
20:32:20.167 [main] INFO  testSuite.GreenCartHomeTest - InnerText matched: Expected : GREENKART; Actual : GREENKART
20:32:21.041 [main] INFO  testSuite.GreenCartHomeTest - Driver is Closed
20:39:07.491 [main] INFO  testSuite.GreenCartHomeTest - Starting test class
20:39:26.377 [main] INFO  testSuite.GreenCartHomeTest - Driver is Closed
20:39:26.433 [main] INFO  testSuite.GreenCartHomeTest - User expects page title to be : GreenKart - veg and fruits kart1
20:39:27.559 [main] INFO  testSuite.GreenCartHomeTest - Driver is Closed
20:39:35.565 [main] INFO  testSuite.GreenCartHomeTest - Driver is Closed
20:39:35.571 [main] INFO  testSuite.GreenCartHomeTest - User expects object innerText to be : GREENKART
20:39:35.679 [main] INFO  testSuite.GreenCartHomeTest - InnerText matched: Expected : GREENKART; Actual : GREENKART
20:39:36.453 [main] INFO  testSuite.GreenCartHomeTest - Driver is Closed
20:57:05.490 [main] INFO  testSuite.GreenCartHomeTest - Starting test class
20:57:17.113 [main] INFO  testSuite.GreenCartHomeTest - Driver is Closed
20:57:17.150 [main] INFO  testSuite.GreenCartHomeTest - User expects page title to be : GreenKart - veg and fruits kart1
20:57:18.604 [main] INFO  testSuite.GreenCartHomeTest - Driver is Closed
20:57:29.795 [main] INFO  testSuite.GreenCartHomeTest - Driver is Closed
20:57:29.798 [main] INFO  testSuite.GreenCartHomeTest - User expects object innerText to be : GREENKART
20:57:29.868 [main] INFO  testSuite.GreenCartHomeTest - InnerText matched: Expected : GREENKART; Actual : GREENKART
20:57:30.672 [main] INFO  testSuite.GreenCartHomeTest - Driver is Closed
20:59:44.028 [main] INFO  testSuite.GreenCartHomeTest - Starting test class
20:59:53.369 [main] INFO  testSuite.GreenCartHomeTest - Driver is Closed
20:59:53.412 [main] INFO  testSuite.GreenCartHomeTest - User expects page title to be : GreenKart - veg and fruits kart1
20:59:54.766 [main] INFO  testSuite.GreenCartHomeTest - Driver is Closed
21:00:06.248 [main] INFO  testSuite.GreenCartHomeTest - Driver is Closed
21:00:06.259 [main] INFO  testSuite.GreenCartHomeTest - User expects object innerText to be : GREENKART
21:00:06.327 [main] INFO  testSuite.GreenCartHomeTest - InnerText matched: Expected : GREENKART; Actual : GREENKART
21:00:07.304 [main] INFO  testSuite.GreenCartHomeTest - Driver is Closed
21:02:29.214 [main] INFO  testSuite.GreenCartHomeTest - Starting test class
21:02:40.759 [main] INFO  testSuite.GreenCartHomeTest - Driver is Closed
21:02:40.812 [main] INFO  testSuite.GreenCartHomeTest - User expects page title to be : GreenKart - veg and fruits kart1
21:02:40.839 [main] ERROR testSuite.GreenCartHomeTest - java.lang.AssertionError: Title match failed expected [GreenKart - veg and fruits kart1] but found [GreenKart - veg and fruits kart]
21:02:41.955 [main] INFO  testSuite.GreenCartHomeTest - Driver is Closed
21:02:49.462 [main] INFO  testSuite.GreenCartHomeTest - Driver is Closed
21:02:49.474 [main] INFO  testSuite.GreenCartHomeTest - User expects object innerText to be : GREENKART
21:02:49.588 [main] INFO  testSuite.GreenCartHomeTest - InnerText matched: Expected : GREENKART; Actual : GREENKART
21:02:50.858 [main] INFO  testSuite.GreenCartHomeTest - Driver is Closed
22:45:44.124 [main] INFO  testSuite.GreenCartHomeTest - Starting test class
22:46:02.811 [main] INFO  testSuite.GreenCartHomeTest - Driver is Closed
22:46:02.855 [main] INFO  testSuite.GreenCartHomeTest - User expects page title to be : GreenKart - veg and fruits kart1
22:46:02.868 [main] ERROR testSuite.GreenCartHomeTest - java.lang.AssertionError: Title match failed expected [GreenKart - veg and fruits kart1] but found [GreenKart - veg and fruits kart]
22:46:03.630 [main] INFO  testSuite.GreenCartHomeTest - Driver is Closed
22:46:18.355 [main] INFO  testSuite.GreenCartHomeTest - Driver is Closed
22:46:18.363 [main] INFO  testSuite.GreenCartHomeTest - User expects object innerText to be : GREENKART
22:46:18.432 [main] INFO  testSuite.GreenCartHomeTest - InnerText matched: Expected : GREENKART; Actual : GREENKART
22:46:19.304 [main] INFO  testSuite.GreenCartHomeTest - Driver is Closed
22:48:09.783 [main] INFO  testSuite.GreenCartHomeTest - Starting test class
22:48:22.054 [main] INFO  testSuite.GreenCartHomeTest - Driver is Closed
22:48:22.100 [main] INFO  testSuite.GreenCartHomeTest - User expects page title to be : GreenKart - veg and fruits kart1
22:48:22.986 [main] INFO  testSuite.GreenCartHomeTest - Driver is Closed
22:48:29.599 [main] INFO  testSuite.GreenCartHomeTest - Driver is Closed
22:48:29.605 [main] INFO  testSuite.GreenCartHomeTest - User expects object innerText to be : GREENKART
22:48:29.673 [main] INFO  testSuite.GreenCartHomeTest - InnerText matched: Expected : GREENKART; Actual : GREENKART
22:48:30.484 [main] INFO  testSuite.GreenCartHomeTest - Driver is Closed
22:53:16.980 [main] INFO  testSuite.GreenCartHomeTest - Starting test class
22:53:30.921 [main] INFO  testSuite.GreenCartHomeTest - Driver is Closed
22:53:30.978 [main] INFO  testSuite.GreenCartHomeTest - User expects page title to be : GreenKart - veg and fruits kart1
22:53:31.002 [main] INFO  testSuite.GreenCartHomeTest - Title matched: Expected : GreenKart - veg and fruits kart1; Actual : GreenKart - veg and fruits kart
22:53:32.105 [main] INFO  testSuite.GreenCartHomeTest - Driver is Closed
22:53:38.427 [main] INFO  testSuite.GreenCartHomeTest - Driver is Closed
22:53:38.432 [main] INFO  testSuite.GreenCartHomeTest - User expects object innerText to be : GREENKART
22:53:39.106 [main] INFO  testSuite.GreenCartHomeTest - InnerText matched: Expected : GREENKART; Actual : GREENKART
22:55:29.610 [main] INFO  testSuite.GreenCartHomeTest - Starting test class
22:55:46.447 [main] INFO  testSuite.GreenCartHomeTest - Driver is Closed
22:55:46.488 [main] INFO  testSuite.GreenCartHomeTest - User expects page title to be : GreenKart - veg and fruits kart1
22:55:46.499 [main] INFO  testSuite.GreenCartHomeTest - Title matched: Expected : GreenKart - veg and fruits kart1; Actual : GreenKart - veg and fruits kart
22:55:47.376 [main] INFO  testSuite.GreenCartHomeTest - Driver is Closed
22:55:54.453 [main] INFO  testSuite.GreenCartHomeTest - Driver is Closed
22:55:54.457 [main] INFO  testSuite.GreenCartHomeTest - User expects object innerText to be : GREENKART
22:55:54.515 [main] INFO  testSuite.GreenCartHomeTest - InnerText matched: Expected : GREENKART; Actual : GREENKART
22:56:33.345 [main] INFO  testSuite.GreenCartHomeTest - Starting test class
22:56:45.390 [main] INFO  testSuite.GreenCartHomeTest - Driver is Closed
22:56:45.441 [main] INFO  testSuite.GreenCartHomeTest - User expects page title to be : GreenKart - veg and fruits kart1
22:56:45.453 [main] INFO  testSuite.GreenCartHomeTest - Title matched: Expected : GreenKart - veg and fruits kart1; Actual : GreenKart - veg and fruits kart
22:56:46.569 [main] INFO  testSuite.GreenCartHomeTest - Driver is Closed
22:56:56.210 [main] INFO  testSuite.GreenCartHomeTest - Driver is Closed
22:56:56.215 [main] INFO  testSuite.GreenCartHomeTest - User expects object innerText to be : GREENKART
22:56:56.284 [main] INFO  testSuite.GreenCartHomeTest - InnerText matched: Expected : GREENKART; Actual : GREENKART
22:56:56.796 [main] INFO  testSuite.GreenCartHomeTest - This is from Listener for : verifyPageLogo
22:56:57.174 [main] INFO  testSuite.GreenCartHomeTest - Driver is Closed
23:01:00.039 [main] INFO  testSuite.GreenCartHomeTest - Starting test class
23:01:20.058 [main] INFO  testSuite.GreenCartHomeTest - Driver is Closed
23:01:20.096 [main] INFO  testSuite.GreenCartHomeTest - User expects page title to be : GreenKart - veg and fruits kart1
23:01:20.107 [main] INFO  testSuite.GreenCartHomeTest - Title matched: Expected : GreenKart - veg and fruits kart1; Actual : GreenKart - veg and fruits kart
23:01:20.700 [main] ERROR testSuite.GreenCartHomeTest - java.lang.AssertionError: Title match failed expected [GreenKart - veg and fruits kart1] but found [GreenKart - veg and fruits kart]
23:01:21.050 [main] INFO  testSuite.GreenCartHomeTest - Driver is Closed
23:01:30.162 [main] INFO  testSuite.GreenCartHomeTest - Driver is Closed
23:01:30.168 [main] INFO  testSuite.GreenCartHomeTest - User expects object innerText to be : GREENKART
23:01:30.604 [main] INFO  testSuite.GreenCartHomeTest - InnerText matched: Expected : GREENKART; Actual : GREENKART
23:01:30.909 [main] INFO  testSuite.GreenCartHomeTest - This is from Listener for : verifyPageLogo
23:01:31.215 [main] INFO  testSuite.GreenCartHomeTest - Driver is Closed
23:05:00.729 [main] INFO  testSuite.GreenCartHomeTest - Starting test class
23:05:21.316 [main] INFO  testSuite.GreenCartHomeTest - Driver is Closed
23:05:21.369 [main] INFO  testSuite.GreenCartHomeTest - User expects page title to be : GreenKart - veg and fruits kart1
23:05:21.388 [main] INFO  testSuite.GreenCartHomeTest - Title matched: Expected : GreenKart - veg and fruits kart1; Actual : GreenKart - veg and fruits kart
23:05:22.168 [main] ERROR testSuite.GreenCartHomeTest - java.lang.AssertionError: Title match failed expected [GreenKart - veg and fruits kart1] but found [GreenKart - veg and fruits kart]
23:05:22.643 [main] INFO  testSuite.GreenCartHomeTest - Driver is Closed
23:05:34.986 [main] INFO  testSuite.GreenCartHomeTest - Driver is Closed
23:05:35.004 [main] INFO  testSuite.GreenCartHomeTest - User expects object innerText to be : GREENKART
23:05:35.077 [main] INFO  testSuite.GreenCartHomeTest - InnerText matched: Expected : GREENKART; Actual : GREENKART
23:05:35.618 [main] INFO  testSuite.GreenCartHomeTest - null - true
23:05:36.026 [main] INFO  testSuite.GreenCartHomeTest - Driver is Closed
23:12:44.083 [main] INFO  testSuite.GreenCartHomeTest - Starting test class
23:12:59.311 [main] INFO  testSuite.GreenCartHomeTest - Driver is Closed
23:12:59.346 [main] INFO  testSuite.GreenCartHomeTest - User expects page title to be : GreenKart - veg and fruits kart1
23:12:59.830 [main] ERROR testSuite.GreenCartHomeTest - java.lang.AssertionError: Title match failed expected [GreenKart - veg and fruits kart1] but found [GreenKart - veg and fruits kart]
23:13:00.186 [main] INFO  testSuite.GreenCartHomeTest - Driver is Closed
23:13:07.049 [main] INFO  testSuite.GreenCartHomeTest - Driver is Closed
23:13:07.066 [main] INFO  testSuite.GreenCartHomeTest - User expects object innerText to be : GREENKART1
23:13:07.897 [main] ERROR testSuite.GreenCartHomeTest - java.lang.AssertionError: InnerText match failed expected [GREENKART1] but found [GREENKART]
23:13:08.236 [main] INFO  testSuite.GreenCartHomeTest - Driver is Closed
23:15:12.144 [main] INFO  testSuite.GreenCartHomeTest - Starting test class
23:15:21.588 [main] INFO  testSuite.GreenCartHomeTest - Driver is Closed
23:15:21.648 [main] INFO  testSuite.GreenCartHomeTest - User expects page title to be : GreenKart - veg and fruits kart1
23:15:23.063 [main] ERROR testSuite.GreenCartHomeTest - java.lang.AssertionError: Title match failed expected [GreenKart - veg and fruits kart1] but found [GreenKart - veg and fruits kart]
23:15:23.445 [main] INFO  testSuite.GreenCartHomeTest - Driver is Closed
23:15:30.271 [main] INFO  testSuite.GreenCartHomeTest - Driver is Closed
23:15:30.276 [main] INFO  testSuite.GreenCartHomeTest - User expects object innerText to be : GREENKART1
23:15:31.195 [main] ERROR testSuite.GreenCartHomeTest - java.lang.AssertionError: InnerText match failed expected [GREENKART1] but found [GREENKART]
23:15:31.520 [main] INFO  testSuite.GreenCartHomeTest - Driver is Closed
23:48:35.476 [main] INFO  testSuite.GreenCartHomeTest - Starting test class
23:48:41.006 [main] INFO  testSuite.GreenCartHomeTest - User expects to navigate to : https://rahulshettyacademy.com/seleniumPractise
23:51:03.898 [main] INFO  testSuite.GreenCartHomeTest - Starting test class
23:51:09.956 [main] INFO  testSuite.GreenCartHomeTest - User expects to navigate to : https://rahulshettyacademy.com/seleniumPractise
23:51:15.235 [main] INFO  testSuite.GreenCartHomeTest - User successfully opened https://rahulshettyacademy.com/seleniumPractise and navigated to https://rahulshettyacademy.com/seleniumPractise/#/
23:51:15.278 [main] INFO  testSuite.GreenCartHomeTest - User expects page title to be : GreenKart - veg and fruits kart1
23:51:16.211 [main] ERROR testSuite.GreenCartHomeTest - java.lang.AssertionError: Title match failed expected [GreenKart - veg and fruits kart1] but found [GreenKart - veg and fruits kart]
23:51:16.539 [main] INFO  testSuite.GreenCartHomeTest - Driver is Closed
23:51:19.565 [main] INFO  testSuite.GreenCartHomeTest - User expects to navigate to : https://rahulshettyacademy.com/seleniumPractise
23:51:25.052 [main] INFO  testSuite.GreenCartHomeTest - User successfully opened https://rahulshettyacademy.com/seleniumPractise and navigated to https://rahulshettyacademy.com/seleniumPractise/#/
23:51:25.056 [main] INFO  testSuite.GreenCartHomeTest - User expects object innerText to be : GREENKART1
23:51:25.736 [main] ERROR testSuite.GreenCartHomeTest - java.lang.AssertionError: InnerText match failed expected [GREENKART1] but found [GREENKART]
23:51:26.071 [main] INFO  testSuite.GreenCartHomeTest - Driver is Closed
